<?xml version="1.0" encoding="UTF-8"?>
<!-- Generated by org.testng.reporters.JUnitXMLReporter -->
<testsuite ignored="0" hostname="Divyas-MacBook-Air.local" failures="0" tests="3" name="Default test" time="4.564" errors="0" timestamp="2023-08-15T21:37:41 CEST">
  <testcase classname="jira.CreateIssue" name="createIssue" time="3.151"/>
  <testcase classname="jira.Updateissue" name="updateIssue" time="0.376"/>
  <testcase classname="jira.DeleteIssue" name="deleteIssue" time="0.333"/>
</testsuite> <!-- Default test -->
