<?xml version="1.0" encoding="UTF-8"?>
<testng-results ignored="0" total="6" passed="4" failed="2" skipped="0">
  <reporter-output>
  </reporter-output>
  <suite started-at="2023-09-13T17:13:26 CEST" name="Default suite" finished-at="2023-09-13T17:13:34 CEST" duration-ms="7855">
    <groups>
    </groups>
    <test started-at="2023-09-13T17:13:26 CEST" name="Default test" finished-at="2023-09-13T17:13:34 CEST" duration-ms="7855">
      <class name="restAssuredwithLombok.TC">
        <test-method is-config="true" signature="setUp()[pri:0, instance:restAssuredwithLombok.TC@87a85e1]" started-at="2023-09-13T17:13:26 CEST" name="setUp" finished-at="2023-09-13T17:13:27 CEST" duration-ms="541" status="PASS">
          <reporter-output>
          </reporter-output>
        </test-method> <!-- setUp -->
        <test-method signature="createBooking()[pri:1, instance:restAssuredwithLombok.TC@87a85e1]" started-at="2023-09-13T17:13:27 CEST" name="createBooking" finished-at="2023-09-13T17:13:30 CEST" duration-ms="3213" status="PASS">
          <reporter-output>
          </reporter-output>
        </test-method> <!-- createBooking -->
        <test-method is-config="true" signature="setUp()[pri:0, instance:restAssuredwithLombok.TC@87a85e1]" started-at="2023-09-13T17:13:30 CEST" name="setUp" finished-at="2023-09-13T17:13:30 CEST" duration-ms="1" status="PASS">
          <reporter-output>
          </reporter-output>
        </test-method> <!-- setUp -->
        <test-method signature="getBookingDetails()[pri:2, instance:restAssuredwithLombok.TC@87a85e1]" started-at="2023-09-13T17:13:30 CEST" name="getBookingDetails" finished-at="2023-09-13T17:13:31 CEST" depends-on-methods="restAssuredwithLombok.TC.createBooking" duration-ms="843" status="FAIL">
          <exception class="java.lang.NullPointerException">
            <message>
              <![CDATA[Cannot invoke "restAssuredwithLombok.BookingRequest.getFirstname()" because the return value of "restAssuredwithLombok.BookingResponse.getBooking()" is null]]>
            </message>
            <full-stacktrace>
              <![CDATA[java.lang.NullPointerException: Cannot invoke "restAssuredwithLombok.BookingRequest.getFirstname()" because the return value of "restAssuredwithLombok.BookingResponse.getBooking()" is null
at restAssuredwithLombok.TC.getBookingDetails(TC.java:64)
at java.base/jdk.internal.reflect.NativeMethodAccessorImpl.invoke0(Native Method)
at java.base/jdk.internal.reflect.NativeMethodAccessorImpl.invoke(NativeMethodAccessorImpl.java:78)
at java.base/jdk.internal.reflect.DelegatingMethodAccessorImpl.invoke(DelegatingMethodAccessorImpl.java:43)
at java.base/java.lang.reflect.Method.invoke(Method.java:567)
at org.testng.internal.MethodInvocationHelper.invokeMethod(MethodInvocationHelper.java:134)
at org.testng.internal.TestInvoker.invokeMethod(TestInvoker.java:597)
at org.testng.internal.TestInvoker.invokeTestMethod(TestInvoker.java:173)
at org.testng.internal.MethodRunner.runInSequence(MethodRunner.java:46)
at org.testng.internal.TestInvoker$MethodInvocationAgent.invoke(TestInvoker.java:816)
at org.testng.internal.TestInvoker.invokeTestMethods(TestInvoker.java:146)
at org.testng.internal.TestMethodWorker.invokeTestMethods(TestMethodWorker.java:146)
at org.testng.internal.TestMethodWorker.run(TestMethodWorker.java:128)
at java.base/java.util.ArrayList.forEach(ArrayList.java:1511)
at org.testng.TestRunner.privateRun(TestRunner.java:766)
at org.testng.TestRunner.run(TestRunner.java:587)
at org.testng.SuiteRunner.runTest(SuiteRunner.java:384)
at org.testng.SuiteRunner.runSequentially(SuiteRunner.java:378)
at org.testng.SuiteRunner.privateRun(SuiteRunner.java:337)
at org.testng.SuiteRunner.run(SuiteRunner.java:286)
at org.testng.SuiteRunnerWorker.runSuite(SuiteRunnerWorker.java:53)
at org.testng.SuiteRunnerWorker.run(SuiteRunnerWorker.java:96)
at org.testng.TestNG.runSuitesSequentially(TestNG.java:1187)
at org.testng.TestNG.runSuitesLocally(TestNG.java:1109)
at org.testng.TestNG.runSuites(TestNG.java:1039)
at org.testng.TestNG.run(TestNG.java:1007)
at org.testng.remote.AbstractRemoteTestNG.run(AbstractRemoteTestNG.java:115)
at org.testng.remote.RemoteTestNG.initAndRun(RemoteTestNG.java:251)
at org.testng.remote.RemoteTestNG.main(RemoteTestNG.java:77)
]]>
            </full-stacktrace>
          </exception> <!-- java.lang.NullPointerException -->
          <reporter-output>
          </reporter-output>
        </test-method> <!-- getBookingDetails -->
        <test-method is-config="true" signature="setUp()[pri:0, instance:restAssuredwithLombok.TC@87a85e1]" started-at="2023-09-13T17:13:31 CEST" name="setUp" finished-at="2023-09-13T17:13:31 CEST" duration-ms="1" status="PASS">
          <reporter-output>
          </reporter-output>
        </test-method> <!-- setUp -->
        <test-method signature="createToken()[pri:3, instance:restAssuredwithLombok.TC@87a85e1]" started-at="2023-09-13T17:13:31 CEST" name="createToken" finished-at="2023-09-13T17:13:32 CEST" duration-ms="617" status="PASS">
          <reporter-output>
          </reporter-output>
        </test-method> <!-- createToken -->
        <test-method signature="updateBooking()[pri:4, instance:restAssuredwithLombok.TC@87a85e1]" started-at="2023-09-13T17:13:32 CEST" name="updateBooking" finished-at="2023-09-13T17:13:32 CEST" depends-on-methods="restAssuredwithLombok.TC.createBooking" duration-ms="676" status="FAIL">
          <exception class="java.lang.NullPointerException">
            <message>
              <![CDATA[Cannot invoke "restAssuredwithLombok.BookingUpdateRequest.getAdditionalneeds()" because the return value of "restAssuredwithLombok.BookingUpdateResponse.getBooking()" is null]]>
            </message>
            <full-stacktrace>
              <![CDATA[java.lang.NullPointerException: Cannot invoke "restAssuredwithLombok.BookingUpdateRequest.getAdditionalneeds()" because the return value of "restAssuredwithLombok.BookingUpdateResponse.getBooking()" is null
at restAssuredwithLombok.TC.updateBooking(TC.java:124)
at java.base/jdk.internal.reflect.NativeMethodAccessorImpl.invoke0(Native Method)
at java.base/jdk.internal.reflect.NativeMethodAccessorImpl.invoke(NativeMethodAccessorImpl.java:78)
at java.base/jdk.internal.reflect.DelegatingMethodAccessorImpl.invoke(DelegatingMethodAccessorImpl.java:43)
at java.base/java.lang.reflect.Method.invoke(Method.java:567)
at org.testng.internal.MethodInvocationHelper.invokeMethod(MethodInvocationHelper.java:134)
at org.testng.internal.TestInvoker.invokeMethod(TestInvoker.java:597)
at org.testng.internal.TestInvoker.invokeTestMethod(TestInvoker.java:173)
at org.testng.internal.MethodRunner.runInSequence(MethodRunner.java:46)
at org.testng.internal.TestInvoker$MethodInvocationAgent.invoke(TestInvoker.java:816)
at org.testng.internal.TestInvoker.invokeTestMethods(TestInvoker.java:146)
at org.testng.internal.TestMethodWorker.invokeTestMethods(TestMethodWorker.java:146)
at org.testng.internal.TestMethodWorker.run(TestMethodWorker.java:128)
at java.base/java.util.ArrayList.forEach(ArrayList.java:1511)
at org.testng.TestRunner.privateRun(TestRunner.java:766)
at org.testng.TestRunner.run(TestRunner.java:587)
at org.testng.SuiteRunner.runTest(SuiteRunner.java:384)
at org.testng.SuiteRunner.runSequentially(SuiteRunner.java:378)
at org.testng.SuiteRunner.privateRun(SuiteRunner.java:337)
at org.testng.SuiteRunner.run(SuiteRunner.java:286)
at org.testng.SuiteRunnerWorker.runSuite(SuiteRunnerWorker.java:53)
at org.testng.SuiteRunnerWorker.run(SuiteRunnerWorker.java:96)
at org.testng.TestNG.runSuitesSequentially(TestNG.java:1187)
at org.testng.TestNG.runSuitesLocally(TestNG.java:1109)
at org.testng.TestNG.runSuites(TestNG.java:1039)
at org.testng.TestNG.run(TestNG.java:1007)
at org.testng.remote.AbstractRemoteTestNG.run(AbstractRemoteTestNG.java:115)
at org.testng.remote.RemoteTestNG.initAndRun(RemoteTestNG.java:251)
at org.testng.remote.RemoteTestNG.main(RemoteTestNG.java:77)
]]>
            </full-stacktrace>
          </exception> <!-- java.lang.NullPointerException -->
          <reporter-output>
          </reporter-output>
        </test-method> <!-- updateBooking -->
        <test-method is-config="true" signature="setUp()[pri:0, instance:restAssuredwithLombok.TC@87a85e1]" started-at="2023-09-13T17:13:32 CEST" name="setUp" finished-at="2023-09-13T17:13:32 CEST" duration-ms="0" status="PASS">
          <reporter-output>
          </reporter-output>
        </test-method> <!-- setUp -->
        <test-method is-config="true" signature="setUp()[pri:0, instance:restAssuredwithLombok.TC@87a85e1]" started-at="2023-09-13T17:13:32 CEST" name="setUp" finished-at="2023-09-13T17:13:32 CEST" duration-ms="0" status="PASS">
          <reporter-output>
          </reporter-output>
        </test-method> <!-- setUp -->
        <test-method signature="partialUpdateBooking()[pri:5, instance:restAssuredwithLombok.TC@87a85e1]" started-at="2023-09-13T17:13:32 CEST" name="partialUpdateBooking" finished-at="2023-09-13T17:13:33 CEST" depends-on-methods="restAssuredwithLombok.TC.createBooking" duration-ms="627" status="PASS">
          <reporter-output>
          </reporter-output>
        </test-method> <!-- partialUpdateBooking -->
        <test-method is-config="true" signature="setUp()[pri:0, instance:restAssuredwithLombok.TC@87a85e1]" started-at="2023-09-13T17:13:33 CEST" name="setUp" finished-at="2023-09-13T17:13:33 CEST" duration-ms="1" status="PASS">
          <reporter-output>
          </reporter-output>
        </test-method> <!-- setUp -->
        <test-method signature="deleteBooking()[pri:7, instance:restAssuredwithLombok.TC@87a85e1]" started-at="2023-09-13T17:13:33 CEST" name="deleteBooking" finished-at="2023-09-13T17:13:34 CEST" depends-on-methods="restAssuredwithLombok.TC.createBooking" duration-ms="1249" status="PASS">
          <reporter-output>
          </reporter-output>
        </test-method> <!-- deleteBooking -->
      </class> <!-- restAssuredwithLombok.TC -->
    </test> <!-- Default test -->
  </suite> <!-- Default suite -->
</testng-results>
